<?xml version="1.0" encoding="UTF-8"?>
<testsuite xmlns:xsi="http://www.w3.org/2001/XMLSchema-instance" xsi:noNamespaceSchemaLocation="https://maven.apache.org/surefire/maven-surefire-plugin/xsd/surefire-test-report.xsd" name="com.oda.applications.epic.hapifhirsmart.AppTest" time="0.042" tests="1" errors="0" skipped="0" failures="0">
  <properties>
    <property name="sun.desktop" value="windows"/>
    <property name="awt.toolkit" value="sun.awt.windows.WToolkit"/>
    <property name="java.specification.version" value="11"/>
    <property name="sun.cpu.isalist" value="amd64"/>
    <property name="sun.jnu.encoding" value="Cp1252"/>
    <property name="java.class.path" value="D:\oda\oda_fhir_client\target\test-classes;D:\oda\oda_fhir_client\target\classes;C:\Users\Shreyas Muralidhara\.m2\repository\ca\uhn\hapi\fhir\hapi-fhir-base\5.0.2\hapi-fhir-base-5.0.2.jar;C:\Users\Shreyas Muralidhara\.m2\repository\com\fasterxml\jackson\core\jackson-databind\2.10.0\jackson-databind-2.10.0.jar;C:\Users\Shreyas Muralidhara\.m2\repository\com\fasterxml\jackson\core\jackson-annotations\2.10.0\jackson-annotations-2.10.0.jar;C:\Users\Shreyas Muralidhara\.m2\repository\com\fasterxml\jackson\core\jackson-core\2.10.0\jackson-core-2.10.0.jar;C:\Users\Shreyas Muralidhara\.m2\repository\org\apache\commons\commons-lang3\3.9\commons-lang3-3.9.jar;C:\Users\Shreyas Muralidhara\.m2\repository\org\apache\commons\commons-text\1.7\commons-text-1.7.jar;C:\Users\Shreyas Muralidhara\.m2\repository\commons-codec\commons-codec\1.12\commons-codec-1.12.jar;C:\Users\Shreyas Muralidhara\.m2\repository\commons-io\commons-io\2.6\commons-io-2.6.jar;C:\Users\Shreyas Muralidhara\.m2\repository\com\google\guava\guava\28.2-jre\guava-28.2-jre.jar;C:\Users\Shreyas Muralidhara\.m2\repository\com\google\guava\failureaccess\1.0.1\failureaccess-1.0.1.jar;C:\Users\Shreyas Muralidhara\.m2\repository\com\google\guava\listenablefuture\9999.0-empty-to-avoid-conflict-with-guava\listenablefuture-9999.0-empty-to-avoid-conflict-with-guava.jar;C:\Users\Shreyas Muralidhara\.m2\repository\org\checkerframework\checker-qual\2.10.0\checker-qual-2.10.0.jar;C:\Users\Shreyas Muralidhara\.m2\repository\com\google\errorprone\error_prone_annotations\2.3.4\error_prone_annotations-2.3.4.jar;C:\Users\Shreyas Muralidhara\.m2\repository\com\google\j2objc\j2objc-annotations\1.3\j2objc-annotations-1.3.jar;C:\Users\Shreyas Muralidhara\.m2\repository\org\slf4j\slf4j-api\1.7.28\slf4j-api-1.7.28.jar;C:\Users\Shreyas Muralidhara\.m2\repository\org\slf4j\jcl-over-slf4j\1.7.28\jcl-over-slf4j-1.7.28.jar;C:\Users\Shreyas Muralidhara\.m2\repository\ca\uhn\hapi\fhir\hapi-fhir-server\5.0.2\hapi-fhir-server-5.0.2.jar;C:\Users\Shreyas Muralidhara\.m2\repository\ca\uhn\hapi\fhir\org.hl7.fhir.utilities\5.0.0\org.hl7.fhir.utilities-5.0.0.jar;C:\Users\Shreyas Muralidhara\.m2\repository\org\apache\httpcomponents\httpcore\4.4.13\httpcore-4.4.13.jar;C:\Users\Shreyas Muralidhara\.m2\repository\org\apache\commons\commons-collections4\4.3\commons-collections4-4.3.jar;C:\Users\Shreyas Muralidhara\.m2\repository\ca\uhn\hapi\fhir\hapi-fhir-client\5.0.2\hapi-fhir-client-5.0.2.jar;C:\Users\Shreyas Muralidhara\.m2\repository\org\apache\httpcomponents\httpclient\4.5.12\httpclient-4.5.12.jar;C:\Users\Shreyas Muralidhara\.m2\repository\ca\uhn\hapi\fhir\hapi-fhir-structures-r4\5.0.2\hapi-fhir-structures-r4-5.0.2.jar;C:\Users\Shreyas Muralidhara\.m2\repository\ca\uhn\hapi\fhir\org.hl7.fhir.r4\5.0.0\org.hl7.fhir.r4-5.0.0.jar;C:\Users\Shreyas Muralidhara\.m2\repository\org\fhir\ucum\1.0.2\ucum-1.0.2.jar;C:\Users\Shreyas Muralidhara\.m2\repository\xpp3\xpp3\1.1.4c\xpp3-1.1.4c.jar;C:\Users\Shreyas Muralidhara\.m2\repository\xpp3\xpp3_xpath\1.1.4c\xpp3_xpath-1.1.4c.jar;C:\Users\Shreyas Muralidhara\.m2\repository\com\google\code\findbugs\jsr305\3.0.2\jsr305-3.0.2.jar;C:\Users\Shreyas Muralidhara\.m2\repository\ca\uhn\hapi\fhir\hapi-fhir-structures-dstu3\5.0.2\hapi-fhir-structures-dstu3-5.0.2.jar;C:\Users\Shreyas Muralidhara\.m2\repository\ca\uhn\hapi\fhir\org.hl7.fhir.dstu3\5.0.0\org.hl7.fhir.dstu3-5.0.0.jar;C:\Users\Shreyas Muralidhara\.m2\repository\ca\uhn\hapi\fhir\hapi-fhir-structures-dstu2\5.0.2\hapi-fhir-structures-dstu2-5.0.2.jar;C:\Users\Shreyas Muralidhara\.m2\repository\junit\junit\4.11\junit-4.11.jar;C:\Users\Shreyas Muralidhara\.m2\repository\org\hamcrest\hamcrest-core\1.3\hamcrest-core-1.3.jar;"/>
    <property name="java.vm.vendor" value="Oracle Corporation"/>
    <property name="sun.arch.data.model" value="64"/>
    <property name="user.variant" value=""/>
    <property name="java.vendor.url" value="https://openjdk.java.net/"/>
    <property name="user.timezone" value="America/New_York"/>
    <property name="java.vm.specification.version" value="11"/>
    <property name="os.name" value="Windows 10"/>
    <property name="sun.java.launcher" value="SUN_STANDARD"/>
    <property name="user.country" value="US"/>
    <property name="sun.boot.library.path" value="C:\Program Files\Java\jdk-11.0.7\bin"/>
    <property name="sun.java.command" value="C:\Users\SHREYA~1\AppData\Local\Temp\surefire15780312174160325872\surefirebooter1129275291320047496.jar C:\Users\Shreyas Muralidhara\AppData\Local\Temp\surefire15780312174160325872 2020-06-15T11-32-39_788-jvmRun1 surefire13438023324142978666tmp surefire_02260869173772829439tmp"/>
    <property name="jdk.debug" value="release"/>
    <property name="surefire.test.class.path" value="D:\oda\oda_fhir_client\target\test-classes;D:\oda\oda_fhir_client\target\classes;C:\Users\Shreyas Muralidhara\.m2\repository\ca\uhn\hapi\fhir\hapi-fhir-base\5.0.2\hapi-fhir-base-5.0.2.jar;C:\Users\Shreyas Muralidhara\.m2\repository\com\fasterxml\jackson\core\jackson-databind\2.10.0\jackson-databind-2.10.0.jar;C:\Users\Shreyas Muralidhara\.m2\repository\com\fasterxml\jackson\core\jackson-annotations\2.10.0\jackson-annotations-2.10.0.jar;C:\Users\Shreyas Muralidhara\.m2\repository\com\fasterxml\jackson\core\jackson-core\2.10.0\jackson-core-2.10.0.jar;C:\Users\Shreyas Muralidhara\.m2\repository\org\apache\commons\commons-lang3\3.9\commons-lang3-3.9.jar;C:\Users\Shreyas Muralidhara\.m2\repository\org\apache\commons\commons-text\1.7\commons-text-1.7.jar;C:\Users\Shreyas Muralidhara\.m2\repository\commons-codec\commons-codec\1.12\commons-codec-1.12.jar;C:\Users\Shreyas Muralidhara\.m2\repository\commons-io\commons-io\2.6\commons-io-2.6.jar;C:\Users\Shreyas Muralidhara\.m2\repository\com\google\guava\guava\28.2-jre\guava-28.2-jre.jar;C:\Users\Shreyas Muralidhara\.m2\repository\com\google\guava\failureaccess\1.0.1\failureaccess-1.0.1.jar;C:\Users\Shreyas Muralidhara\.m2\repository\com\google\guava\listenablefuture\9999.0-empty-to-avoid-conflict-with-guava\listenablefuture-9999.0-empty-to-avoid-conflict-with-guava.jar;C:\Users\Shreyas Muralidhara\.m2\repository\org\checkerframework\checker-qual\2.10.0\checker-qual-2.10.0.jar;C:\Users\Shreyas Muralidhara\.m2\repository\com\google\errorprone\error_prone_annotations\2.3.4\error_prone_annotations-2.3.4.jar;C:\Users\Shreyas Muralidhara\.m2\repository\com\google\j2objc\j2objc-annotations\1.3\j2objc-annotations-1.3.jar;C:\Users\Shreyas Muralidhara\.m2\repository\org\slf4j\slf4j-api\1.7.28\slf4j-api-1.7.28.jar;C:\Users\Shreyas Muralidhara\.m2\repository\org\slf4j\jcl-over-slf4j\1.7.28\jcl-over-slf4j-1.7.28.jar;C:\Users\Shreyas Muralidhara\.m2\repository\ca\uhn\hapi\fhir\hapi-fhir-server\5.0.2\hapi-fhir-server-5.0.2.jar;C:\Users\Shreyas Muralidhara\.m2\repository\ca\uhn\hapi\fhir\org.hl7.fhir.utilities\5.0.0\org.hl7.fhir.utilities-5.0.0.jar;C:\Users\Shreyas Muralidhara\.m2\repository\org\apache\httpcomponents\httpcore\4.4.13\httpcore-4.4.13.jar;C:\Users\Shreyas Muralidhara\.m2\repository\org\apache\commons\commons-collections4\4.3\commons-collections4-4.3.jar;C:\Users\Shreyas Muralidhara\.m2\repository\ca\uhn\hapi\fhir\hapi-fhir-client\5.0.2\hapi-fhir-client-5.0.2.jar;C:\Users\Shreyas Muralidhara\.m2\repository\org\apache\httpcomponents\httpclient\4.5.12\httpclient-4.5.12.jar;C:\Users\Shreyas Muralidhara\.m2\repository\ca\uhn\hapi\fhir\hapi-fhir-structures-r4\5.0.2\hapi-fhir-structures-r4-5.0.2.jar;C:\Users\Shreyas Muralidhara\.m2\repository\ca\uhn\hapi\fhir\org.hl7.fhir.r4\5.0.0\org.hl7.fhir.r4-5.0.0.jar;C:\Users\Shreyas Muralidhara\.m2\repository\org\fhir\ucum\1.0.2\ucum-1.0.2.jar;C:\Users\Shreyas Muralidhara\.m2\repository\xpp3\xpp3\1.1.4c\xpp3-1.1.4c.jar;C:\Users\Shreyas Muralidhara\.m2\repository\xpp3\xpp3_xpath\1.1.4c\xpp3_xpath-1.1.4c.jar;C:\Users\Shreyas Muralidhara\.m2\repository\com\google\code\findbugs\jsr305\3.0.2\jsr305-3.0.2.jar;C:\Users\Shreyas Muralidhara\.m2\repository\ca\uhn\hapi\fhir\hapi-fhir-structures-dstu3\5.0.2\hapi-fhir-structures-dstu3-5.0.2.jar;C:\Users\Shreyas Muralidhara\.m2\repository\ca\uhn\hapi\fhir\org.hl7.fhir.dstu3\5.0.0\org.hl7.fhir.dstu3-5.0.0.jar;C:\Users\Shreyas Muralidhara\.m2\repository\ca\uhn\hapi\fhir\hapi-fhir-structures-dstu2\5.0.2\hapi-fhir-structures-dstu2-5.0.2.jar;C:\Users\Shreyas Muralidhara\.m2\repository\junit\junit\4.11\junit-4.11.jar;C:\Users\Shreyas Muralidhara\.m2\repository\org\hamcrest\hamcrest-core\1.3\hamcrest-core-1.3.jar;"/>
    <property name="sun.cpu.endian" value="little"/>
    <property name="user.home" value="C:\Users\Shreyas Muralidhara"/>
    <property name="user.language" value="en"/>
    <property name="java.specification.vendor" value="Oracle Corporation"/>
    <property name="java.version.date" value="2020-04-14"/>
    <property name="java.home" value="C:\Program Files\Java\jdk-11.0.7"/>
    <property name="file.separator" value="\"/>
    <property name="basedir" value="D:\oda\oda_fhir_client"/>
    <property name="java.vm.compressedOopsMode" value="32-bit"/>
    <property name="line.separator" value="&#10;"/>
    <property name="java.specification.name" value="Java Platform API Specification"/>
    <property name="java.vm.specification.vendor" value="Oracle Corporation"/>
    <property name="java.awt.graphicsenv" value="sun.awt.Win32GraphicsEnvironment"/>
    <property name="surefire.real.class.path" value="C:\Users\SHREYA~1\AppData\Local\Temp\surefire15780312174160325872\surefirebooter1129275291320047496.jar"/>
    <property name="user.script" value=""/>
    <property name="sun.management.compiler" value="HotSpot 64-Bit Tiered Compilers"/>
    <property name="java.runtime.version" value="11.0.7+8-LTS"/>
    <property name="user.name" value="Shreyas Muralidhara"/>
    <property name="path.separator" value=";"/>
    <property name="os.version" value="10.0"/>
    <property name="java.runtime.name" value="Java(TM) SE Runtime Environment"/>
    <property name="file.encoding" value="Cp1252"/>
    <property name="java.vm.name" value="Java HotSpot(TM) 64-Bit Server VM"/>
    <property name="java.vendor.version" value="18.9"/>
    <property name="localRepository" value="C:\Users\Shreyas Muralidhara\.m2\repository"/>
    <property name="java.vendor.url.bug" value="https://bugreport.java.com/bugreport/"/>
    <property name="java.io.tmpdir" value="C:\Users\SHREYA~1\AppData\Local\Temp\"/>
    <property name="java.version" value="11.0.7"/>
    <property name="user.dir" value="D:\oda\oda_fhir_client"/>
    <property name="os.arch" value="amd64"/>
    <property name="java.vm.specification.name" value="Java Virtual Machine Specification"/>
    <property name="java.awt.printerjob" value="sun.awt.windows.WPrinterJob"/>
    <property name="sun.os.patch.level" value=""/>
    <property name="java.library.path" value="C:\Program Files\Java\jdk-11.0.7\bin;C:\Windows\Sun\Java\bin;C:\Windows\system32;C:\Windows;C:\Python38\Scripts\;C:\Python38\;C:\Python37\Scripts\;C:\Python37\;C:\Windows\system32;C:\Windows;C:\Windows\System32\Wbem;C:\Windows\System32\WindowsPowerShell\v1.0\;C:\Windows\System32\OpenSSH\;C:\Program Files (x86)\NVIDIA Corporation\PhysX\Common;C:\Program Files\NVIDIA Corporation\NVIDIA NvDLISR;C:\ProgramData\chocolatey\bin;C:\Program Files\nodejs\;C:\HashiCorp\Vagrant\bin;C:\Program Files (x86)\vim\vim80;C:\Program Files\swipl\bin;C:\Ottomatica\Baker\;D:\Git\cmd;C:\Program Files (x86)\Intel\Intel(R) Management Engine Components\DAL;C:\Program Files\Intel\Intel(R) Management Engine Components\DAL;C:\Program Files\Intel\WiFi\bin\;C:\Program Files\Common Files\Intel\WirelessCommon\;C:\Program Files\Microsoft SQL Server\120\Tools\Binn\;C:\ProgramData\chocolatey\lib\maven\apache-maven-3.6.3\bin;C:\Program Files (x86)\Yarn\bin\;C:\Program Files\Java\jdk-11.0.7\bin;C:\Users\Shreyas Muralidhara\.cargo\bin;C:\Users\Shreyas Muralidhara\AppData\Local\Microsoft\WindowsApps;D:\Git\usr\bin;C:\Program Files (x86)\GnuWin32\bin;C:\Program Files\Oracle\VirtualBox;&quot;C:\Program Files (x86)\Intel\Intel(R) Management Engine Components\iCLS\;C:\Program Files\Intel\Intel(R) Management Engine Components\iCLS\;C:\Program Files (x86)\Intel\Intel(R) Management Engine Components\IPT;C:\Program Files\Intel\Intel(R) Management Engine Components\IPT;C:\Users\Shreyas Muralidhara\AppData\Local\Microsoft\WindowsApps;D:\Git\usr\bin;C:\Program Files (x86)\GnuWin32\bin;C:\Program Files\Oracle\VirtualBox;&quot;;&quot;C:\Users\Shreyas Muralidhara\AppData\Local\GitHubDesktop\bin;C:\Users\Shreyas Muralidhara\AppData\Roaming\npm;C:\Users\Shreyas Muralidhara\AppData\Local\Programs\Microsoft VS Code\bin;C:\Program Files\Oracle\VirtualBox&quot;;C:\Users\Shreyas Muralidhara\AppData\Local\GitHubDesktop\bin;C:\Users\Shreyas Muralidhara\AppData\Roaming\npm;C:\Users\Shreyas Muralidhara\AppData\Local\Programs\Microsoft VS Code\bin;C:\Users\Shreyas Muralidhara\AppData\Local\Yarn\bin;."/>
    <property name="java.vendor" value="Oracle Corporation"/>
    <property name="java.vm.info" value="mixed mode"/>
    <property name="java.vm.version" value="11.0.7+8-LTS"/>
    <property name="sun.io.unicode.encoding" value="UnicodeLittle"/>
    <property name="java.class.version" value="55.0"/>
  </properties>
  <testcase name="shouldAnswerWithTrue" classname="com.oda.applications.epic.hapifhirsmart.AppTest" time="0.003"/>
</testsuite>